c:\users\simon laubersheimer\desktop\programmieren\c++\nuclear\nuclear\vendor\yaml-cpp\bin\debug-windows-x86_64\yaml-cpp\yaml-cpp.pdb
c:\users\simon laubersheimer\desktop\programmieren\c++\nuclear\nuclear\vendor\yaml-cpp\bin\debug-windows-x86_64\yaml-cpp\yaml-cpp.idb
c:\users\simon laubersheimer\desktop\programmieren\c++\nuclear\nuclear\vendor\yaml-cpp\bin-int\debug-windows-x86_64\yaml-cpp\tag.obj
c:\users\simon laubersheimer\desktop\programmieren\c++\nuclear\nuclear\vendor\yaml-cpp\bin-int\debug-windows-x86_64\yaml-cpp\parser.obj
c:\users\simon laubersheimer\desktop\programmieren\c++\nuclear\nuclear\vendor\yaml-cpp\bin-int\debug-windows-x86_64\yaml-cpp\nodebuilder.obj
c:\users\simon laubersheimer\desktop\programmieren\c++\nuclear\nuclear\vendor\yaml-cpp\bin-int\debug-windows-x86_64\yaml-cpp\parse.obj
c:\users\simon laubersheimer\desktop\programmieren\c++\nuclear\nuclear\vendor\yaml-cpp\bin-int\debug-windows-x86_64\yaml-cpp\ostream_wrapper.obj
c:\users\simon laubersheimer\desktop\programmieren\c++\nuclear\nuclear\vendor\yaml-cpp\bin-int\debug-windows-x86_64\yaml-cpp\null.obj
c:\users\simon laubersheimer\desktop\programmieren\c++\nuclear\nuclear\vendor\yaml-cpp\bin-int\debug-windows-x86_64\yaml-cpp\nodeevents.obj
c:\users\simon laubersheimer\desktop\programmieren\c++\nuclear\nuclear\vendor\yaml-cpp\bin-int\debug-windows-x86_64\yaml-cpp\node.obj
c:\users\simon laubersheimer\desktop\programmieren\c++\nuclear\nuclear\vendor\yaml-cpp\bin-int\debug-windows-x86_64\yaml-cpp\memory.obj
c:\users\simon laubersheimer\desktop\programmieren\c++\nuclear\nuclear\vendor\yaml-cpp\bin-int\debug-windows-x86_64\yaml-cpp\exp.obj
c:\users\simon laubersheimer\desktop\programmieren\c++\nuclear\nuclear\vendor\yaml-cpp\bin-int\debug-windows-x86_64\yaml-cpp\exceptions.obj
c:\users\simon laubersheimer\desktop\programmieren\c++\nuclear\nuclear\vendor\yaml-cpp\bin-int\debug-windows-x86_64\yaml-cpp\emitterutils.obj
c:\users\simon laubersheimer\desktop\programmieren\c++\nuclear\nuclear\vendor\yaml-cpp\bin-int\debug-windows-x86_64\yaml-cpp\emitterstate.obj
c:\users\simon laubersheimer\desktop\programmieren\c++\nuclear\nuclear\vendor\yaml-cpp\bin-int\debug-windows-x86_64\yaml-cpp\emitter.obj
c:\users\simon laubersheimer\desktop\programmieren\c++\nuclear\nuclear\vendor\yaml-cpp\bin-int\debug-windows-x86_64\yaml-cpp\emitfromevents.obj
c:\users\simon laubersheimer\desktop\programmieren\c++\nuclear\nuclear\vendor\yaml-cpp\bin-int\debug-windows-x86_64\yaml-cpp\emit.obj
c:\users\simon laubersheimer\desktop\programmieren\c++\nuclear\nuclear\vendor\yaml-cpp\bin-int\debug-windows-x86_64\yaml-cpp\directives.obj
c:\users\simon laubersheimer\desktop\programmieren\c++\nuclear\nuclear\vendor\yaml-cpp\bin-int\debug-windows-x86_64\yaml-cpp\depthguard.obj
c:\users\simon laubersheimer\desktop\programmieren\c++\nuclear\nuclear\vendor\yaml-cpp\bin-int\debug-windows-x86_64\yaml-cpp\convert.obj
c:\users\simon laubersheimer\desktop\programmieren\c++\nuclear\nuclear\vendor\yaml-cpp\bin-int\debug-windows-x86_64\yaml-cpp\binary.obj
c:\users\simon laubersheimer\desktop\programmieren\c++\nuclear\nuclear\vendor\yaml-cpp\bin-int\debug-windows-x86_64\yaml-cpp\stream.obj
c:\users\simon laubersheimer\desktop\programmieren\c++\nuclear\nuclear\vendor\yaml-cpp\bin-int\debug-windows-x86_64\yaml-cpp\singledocparser.obj
c:\users\simon laubersheimer\desktop\programmieren\c++\nuclear\nuclear\vendor\yaml-cpp\bin-int\debug-windows-x86_64\yaml-cpp\simplekey.obj
c:\users\simon laubersheimer\desktop\programmieren\c++\nuclear\nuclear\vendor\yaml-cpp\bin-int\debug-windows-x86_64\yaml-cpp\scantoken.obj
c:\users\simon laubersheimer\desktop\programmieren\c++\nuclear\nuclear\vendor\yaml-cpp\bin-int\debug-windows-x86_64\yaml-cpp\scantag.obj
c:\users\simon laubersheimer\desktop\programmieren\c++\nuclear\nuclear\vendor\yaml-cpp\bin-int\debug-windows-x86_64\yaml-cpp\scanscalar.obj
c:\users\simon laubersheimer\desktop\programmieren\c++\nuclear\nuclear\vendor\yaml-cpp\bin-int\debug-windows-x86_64\yaml-cpp\scanner.obj
c:\users\simon laubersheimer\desktop\programmieren\c++\nuclear\nuclear\vendor\yaml-cpp\bin-int\debug-windows-x86_64\yaml-cpp\regex_yaml.obj
c:\users\simon laubersheimer\desktop\programmieren\c++\nuclear\nuclear\vendor\yaml-cpp\bin-int\debug-windows-x86_64\yaml-cpp\graphbuilderadapter.obj
c:\users\simon laubersheimer\desktop\programmieren\c++\nuclear\nuclear\vendor\yaml-cpp\bin-int\debug-windows-x86_64\yaml-cpp\graphbuilder.obj
c:\users\simon laubersheimer\desktop\programmieren\c++\nuclear\nuclear\vendor\yaml-cpp\bin-int\debug-windows-x86_64\yaml-cpp\node_data.obj
c:\users\simon laubersheimer\desktop\programmieren\c++\nuclear\nuclear\vendor\yaml-cpp\bin\debug-windows-x86_64\yaml-cpp\yaml-cpp.lib
c:\users\simon laubersheimer\desktop\programmieren\c++\nuclear\nuclear\vendor\yaml-cpp\bin-int\debug-windows-x86_64\yaml-cpp\yaml-cpp.tlog\cl.command.1.tlog
c:\users\simon laubersheimer\desktop\programmieren\c++\nuclear\nuclear\vendor\yaml-cpp\bin-int\debug-windows-x86_64\yaml-cpp\yaml-cpp.tlog\cl.read.1.tlog
c:\users\simon laubersheimer\desktop\programmieren\c++\nuclear\nuclear\vendor\yaml-cpp\bin-int\debug-windows-x86_64\yaml-cpp\yaml-cpp.tlog\cl.write.1.tlog
c:\users\simon laubersheimer\desktop\programmieren\c++\nuclear\nuclear\vendor\yaml-cpp\bin-int\debug-windows-x86_64\yaml-cpp\yaml-cpp.tlog\lib-link.read.1.tlog
c:\users\simon laubersheimer\desktop\programmieren\c++\nuclear\nuclear\vendor\yaml-cpp\bin-int\debug-windows-x86_64\yaml-cpp\yaml-cpp.tlog\lib-link.write.1.tlog
c:\users\simon laubersheimer\desktop\programmieren\c++\nuclear\nuclear\vendor\yaml-cpp\bin-int\debug-windows-x86_64\yaml-cpp\yaml-cpp.tlog\lib.command.1.tlog
